background job wmy ERROR
scheduled task 515 ERROR
scheduled task 051 ERROR
scheduled task 182 ERROR
scheduled task 460 ERROR
scheduled task 064 ERROR
scheduled task 004 ERROR
background job tqc ERROR
scheduled task 333 ERROR
scheduled task 374 ERROR
scheduled task 936 ERROR
scheduled task 016 ERROR
scheduled task 268 WARNING
scheduled task 074 WARNING
scheduled task 811 WARNING
scheduled task 294 WARNING
scheduled task 794 WARNING
background job sqm WARNING
background job xfg WARNING
scheduled task 746 WARNING
scheduled task 672 WARNING
